# JRE version: OpenJDK Runtime Environment (8.0_242-b08) (build 1.8.0_242-b08)
# Java VM: OpenJDK 64-Bit Server VM (25.242-b08 mixed mode bsd-amd64 compressed oops)
Heap:
 PSYoungGen      total 1532928K, used 654803K [0x00000006eab00000, 0x000000075ac00000, 0x00000007c0000000)
  eden space 1430016K, 43% used [0x00000006eab00000,0x000000071107f018,0x0000000741f80000)
  from space 102912K, 25% used [0x000000074bf80000,0x000000074d975c28,0x0000000752400000)
  to   space 163840K, 0% used [0x0000000741f80000,0x0000000741f80000,0x000000074bf80000)
 ParOldGen       total 583680K, used 318855K [0x0000000540000000, 0x0000000563a00000, 0x00000006eab00000)
  object space 583680K, 54% used [0x0000000540000000,0x0000000553761c10,0x0000000563a00000)
 Metaspace       used 47126K, capacity 47747K, committed 48344K, reserved 1091584K
  class space    used 6144K, capacity 6333K, committed 6400K, reserved 1048576K
GC Heap History (10 events):
Event: 20.360 GC heap before
{Heap before GC invocations=11 (full 1):
 PSYoungGen      total 907264K, used 601422K [0x00000006eab00000, 0x0000000739100000, 0x00000007c0000000)
  eden space 851968K, 64% used [0x00000006eab00000,0x000000070c054b08,0x000000071eb00000)
  from space 55296K, 99% used [0x000000071eb00000,0x00000007220ff098,0x0000000722100000)
  to   space 67072K, 0% used [0x0000000734f80000,0x0000000734f80000,0x0000000739100000)
 ParOldGen       total 214016K, used 84571K [0x0000000540000000, 0x000000054d100000, 0x00000006eab00000)
  object space 214016K, 39% used [0x0000000540000000,0x0000000545296f10,0x000000054d100000)
 Metaspace       used 34594K, capacity 34928K, committed 35416K, reserved 1079296K
  class space    used 4621K, capacity 4721K, committed 4736K, reserved 1048576K
Event: 20.423 GC heap after
Heap after GC invocations=11 (full 1):
 PSYoungGen      total 1213440K, used 51281K [0x00000006eab00000, 0x0000000739380000, 0x00000007c0000000)
  eden space 1146368K, 0% used [0x00000006eab00000,0x00000006eab00000,0x0000000730a80000)
  from space 67072K, 76% used [0x0000000734f80000,0x0000000738194648,0x0000000739100000)
  to   space 70144K, 0% used [0x0000000730a80000,0x0000000730a80000,0x0000000734f00000)
 ParOldGen       total 214016K, used 105542K [0x0000000540000000, 0x000000054d100000, 0x00000006eab00000)
  object space 214016K, 49% used [0x0000000540000000,0x0000000546711aa8,0x000000054d100000)
 Metaspace       used 34594K, capacity 34928K, committed 35416K, reserved 1079296K
  class space    used 4621K, capacity 4721K, committed 4736K, reserved 1048576K
}
Event: 20.423 GC heap before
{Heap before GC invocations=12 (full 2):
 PSYoungGen      total 1213440K, used 51281K [0x00000006eab00000, 0x0000000739380000, 0x00000007c0000000)
  eden space 1146368K, 0% used [0x00000006eab00000,0x00000006eab00000,0x0000000730a80000)
  from space 67072K, 76% used [0x0000000734f80000,0x0000000738194648,0x0000000739100000)
  to   space 70144K, 0% used [0x0000000730a80000,0x0000000730a80000,0x0000000734f00000)
 ParOldGen       total 214016K, used 105542K [0x0000000540000000, 0x000000054d100000, 0x00000006eab00000)
  object space 214016K, 49% used [0x0000000540000000,0x0000000546711aa8,0x000000054d100000)
 Metaspace       used 34594K, capacity 34928K, committed 35416K, reserved 1079296K
  class space    used 4621K, capacity 4721K, committed 4736K, reserved 1048576K
Event: 20.831 GC heap after
Heap after GC invocations=12 (full 2):
 PSYoungGen      total 1213440K, used 0K [0x00000006eab00000, 0x0000000739380000, 0x00000007c0000000)
  eden space 1146368K, 0% used [0x00000006eab00000,0x00000006eab00000,0x0000000730a80000)
  from space 67072K, 0% used [0x0000000734f80000,0x0000000734f80000,0x0000000739100000)
  to   space 70144K, 0% used [0x0000000730a80000,0x0000000730a80000,0x0000000734f00000)
 ParOldGen       total 306176K, used 133097K [0x0000000540000000, 0x0000000552b00000, 0x00000006eab00000)
  object space 306176K, 43% used [0x0000000540000000,0x00000005481fa6d8,0x0000000552b00000)
 Metaspace       used 34594K, capacity 34928K, committed 35416K, reserved 1079296K
  class space    used 4621K, capacity 4721K, committed 4736K, reserved 1048576K
}
Event: 27.988 GC heap before
{Heap before GC invocations=13 (full 2):
 PSYoungGen      total 1213440K, used 1146368K [0x00000006eab00000, 0x0000000739380000, 0x00000007c0000000)
  eden space 1146368K, 100% used [0x00000006eab00000,0x0000000730a80000,0x0000000730a80000)
  from space 67072K, 0% used [0x0000000734f80000,0x0000000734f80000,0x0000000739100000)
  to   space 70144K, 0% used [0x0000000730a80000,0x0000000730a80000,0x0000000734f00000)
 ParOldGen       total 306176K, used 133097K [0x0000000540000000, 0x0000000552b00000, 0x00000006eab00000)
  object space 306176K, 43% used [0x0000000540000000,0x00000005481fa6d8,0x0000000552b00000)
 Metaspace       used 41960K, capacity 42341K, committed 42840K, reserved 1087488K
  class space    used 5519K, capacity 5662K, committed 5760K, reserved 1048576K
Event: 28.097 GC heap after
Heap after GC invocations=13 (full 2):
 PSYoungGen      total 1216512K, used 70119K [0x00000006eab00000, 0x0000000752400000, 0x00000007c0000000)
  eden space 1146368K, 0% used [0x00000006eab00000,0x00000006eab00000,0x0000000730a80000)
  from space 70144K, 99% used [0x0000000730a80000,0x0000000734ef9c30,0x0000000734f00000)
  to   space 102912K, 0% used [0x000000074bf80000,0x000000074bf80000,0x0000000752400000)
 ParOldGen       total 306176K, used 196487K [0x0000000540000000, 0x0000000552b00000, 0x00000006eab00000)
  object space 306176K, 64% used [0x0000000540000000,0x000000054bfe1c08,0x0000000552b00000)
 Metaspace       used 41960K, capacity 42341K, committed 42840K, reserved 1087488K
  class space    used 5519K, capacity 5662K, committed 5760K, reserved 1048576K
}
Event: 33.084 GC heap before
{Heap before GC invocations=14 (full 2):
 PSYoungGen      total 1216512K, used 1216487K [0x00000006eab00000, 0x0000000752400000, 0x00000007c0000000)
  eden space 1146368K, 100% used [0x00000006eab00000,0x0000000730a80000,0x0000000730a80000)
  from space 70144K, 99% used [0x0000000730a80000,0x0000000734ef9c30,0x0000000734f00000)
  to   space 102912K, 0% used [0x000000074bf80000,0x000000074bf80000,0x0000000752400000)
 ParOldGen       total 306176K, used 196487K [0x0000000540000000, 0x0000000552b00000, 0x00000006eab00000)
  object space 306176K, 64% used [0x0000000540000000,0x000000054bfe1c08,0x0000000552b00000)
 Metaspace       used 43172K, capacity 43691K, committed 44248K, reserved 1087488K
  class space    used 5646K, capacity 5813K, committed 5888K, reserved 1048576K
Event: 33.291 GC heap after
Heap after GC invocations=14 (full 2):
 PSYoungGen      total 1532928K, used 102882K [0x00000006eab00000, 0x000000075ac00000, 0x00000007c0000000)
  eden space 1430016K, 0% used [0x00000006eab00000,0x00000006eab00000,0x0000000741f80000)
  from space 102912K, 99% used [0x000000074bf80000,0x00000007523f8a68,0x0000000752400000)
  to   space 163840K, 0% used [0x0000000741f80000,0x0000000741f80000,0x000000074bf80000)
 ParOldGen       total 318976K, used 318894K [0x0000000540000000, 0x0000000553780000, 0x00000006eab00000)
  object space 318976K, 99% used [0x0000000540000000,0x000000055376ba30,0x0000000553780000)
 Metaspace       used 43172K, capacity 43691K, committed 44248K, reserved 1087488K
  class space    used 5646K, capacity 5813K, committed 5888K, reserved 1048576K
}
Event: 33.292 GC heap before
{Heap before GC invocations=15 (full 3):
 PSYoungGen      total 1532928K, used 102882K [0x00000006eab00000, 0x000000075ac00000, 0x00000007c0000000)
  eden space 1430016K, 0% used [0x00000006eab00000,0x00000006eab00000,0x0000000741f80000)
  from space 102912K, 99% used [0x000000074bf80000,0x00000007523f8a68,0x0000000752400000)
  to   space 163840K, 0% used [0x0000000741f80000,0x0000000741f80000,0x000000074bf80000)
 ParOldGen       total 318976K, used 318894K [0x0000000540000000, 0x0000000553780000, 0x00000006eab00000)
  object space 318976K, 99% used [0x0000000540000000,0x000000055376ba30,0x0000000553780000)
 Metaspace       used 43172K, capacity 43691K, committed 44248K, reserved 1087488K
  class space    used 5646K, capacity 5813K, committed 5888K, reserved 1048576K
Event: 34.147 GC heap after
Heap after GC invocations=15 (full 3):
 PSYoungGen      total 1532928K, used 26583K [0x00000006eab00000, 0x000000075ac00000, 0x00000007c0000000)
  eden space 1430016K, 0% used [0x00000006eab00000,0x00000006eab00000,0x0000000741f80000)
  from space 102912K, 25% used [0x000000074bf80000,0x000000074d975c28,0x0000000752400000)
  to   space 163840K, 0% used [0x0000000741f80000,0x0000000741f80000,0x000000074bf80000)
 ParOldGen       total 583680K, used 318855K [0x0000000540000000, 0x0000000563a00000, 0x00000006eab00000)
  object space 583680K, 54% used [0x0000000540000000,0x0000000553761c10,0x0000000563a00000)
 Metaspace       used 43172K, capacity 43691K, committed 44248K, reserved 1087488K
  class space    used 5646K, capacity 5813K, committed 5888K, reserved 1048576K
}

