# JRE version: OpenJDK Runtime Environment (8.0_242-b08) (build 1.8.0_242-b08)
# Java VM: OpenJDK 64-Bit Server VM (25.242-b08 mixed mode bsd-amd64 compressed oops)
Heap:
 PSYoungGen      total 829440K, used 362285K [0x00000006eab00000, 0x0000000733b00000, 0x00000007c0000000)
  eden space 782848K, 46% used [0x00000006eab00000,0x0000000700ccb448,0x000000071a780000)
  from space 46592K, 0% used [0x000000071a780000,0x000000071a780000,0x000000071d500000)
  to   space 48640K, 0% used [0x0000000730b80000,0x0000000730b80000,0x0000000733b00000)
 ParOldGen       total 281088K, used 130300K [0x0000000540000000, 0x0000000551280000, 0x00000006eab00000)
  object space 281088K, 46% used [0x0000000540000000,0x0000000547f3f260,0x0000000551280000)
 Metaspace       used 38695K, capacity 39148K, committed 39640K, reserved 1083392K
  class space    used 5203K, capacity 5361K, committed 5376K, reserved 1048576K
GC Heap History (10 events):
Event: 9.856 GC heap before
{Heap before GC invocations=11 (full 1):
 PSYoungGen      total 534016K, used 506047K [0x00000006eab00000, 0x0000000715100000, 0x00000007c0000000)
  eden space 479232K, 100% used [0x00000006eab00000,0x0000000707f00000,0x0000000707f00000)
  from space 54784K, 48% used [0x0000000707f00000,0x000000070992fe90,0x000000070b480000)
  to   space 51712K, 0% used [0x0000000711e80000,0x0000000711e80000,0x0000000715100000)
 ParOldGen       total 181248K, used 68445K [0x0000000540000000, 0x000000054b100000, 0x00000006eab00000)
  object space 181248K, 37% used [0x0000000540000000,0x00000005442d76e0,0x000000054b100000)
 Metaspace       used 25758K, capacity 26130K, committed 26624K, reserved 1073152K
  class space    used 3083K, capacity 3202K, committed 3328K, reserved 1048576K
Event: 9.890 GC heap after
Heap after GC invocations=11 (full 1):
 PSYoungGen      total 644608K, used 26700K [0x00000006eab00000, 0x0000000718980000, 0x00000007c0000000)
  eden space 592896K, 0% used [0x00000006eab00000,0x00000006eab00000,0x000000070ee00000)
  from space 51712K, 51% used [0x0000000711e80000,0x0000000713893390,0x0000000715100000)
  to   space 49664K, 0% used [0x000000070ee00000,0x000000070ee00000,0x0000000711e80000)
 ParOldGen       total 181248K, used 77926K [0x0000000540000000, 0x000000054b100000, 0x00000006eab00000)
  object space 181248K, 42% used [0x0000000540000000,0x0000000544c19ad8,0x000000054b100000)
 Metaspace       used 25758K, capacity 26130K, committed 26624K, reserved 1073152K
  class space    used 3083K, capacity 3202K, committed 3328K, reserved 1048576K
}
Event: 11.907 GC heap before
{Heap before GC invocations=12 (full 1):
 PSYoungGen      total 644608K, used 619596K [0x00000006eab00000, 0x0000000718980000, 0x00000007c0000000)
  eden space 592896K, 100% used [0x00000006eab00000,0x000000070ee00000,0x000000070ee00000)
  from space 51712K, 51% used [0x0000000711e80000,0x0000000713893390,0x0000000715100000)
  to   space 49664K, 0% used [0x000000070ee00000,0x000000070ee00000,0x0000000711e80000)
 ParOldGen       total 181248K, used 77926K [0x0000000540000000, 0x000000054b100000, 0x00000006eab00000)
  object space 181248K, 42% used [0x0000000540000000,0x0000000544c19ad8,0x000000054b100000)
 Metaspace       used 29903K, capacity 30286K, committed 30720K, reserved 1077248K
  class space    used 3641K, capacity 3756K, committed 3840K, reserved 1048576K
Event: 11.946 GC heap after
Heap after GC invocations=12 (full 1):
 PSYoungGen      total 642560K, used 21597K [0x00000006eab00000, 0x0000000721280000, 0x00000007c0000000)
  eden space 592896K, 0% used [0x00000006eab00000,0x00000006eab00000,0x000000070ee00000)
  from space 49664K, 43% used [0x000000070ee00000,0x0000000710317440,0x0000000711e80000)
  to   space 48128K, 0% used [0x000000071e380000,0x000000071e380000,0x0000000721280000)
 ParOldGen       total 181248K, used 102025K [0x0000000540000000, 0x000000054b100000, 0x00000006eab00000)
  object space 181248K, 56% used [0x0000000540000000,0x00000005463a2468,0x000000054b100000)
 Metaspace       used 29903K, capacity 30286K, committed 30720K, reserved 1077248K
  class space    used 3641K, capacity 3756K, committed 3840K, reserved 1048576K
}
Event: 14.145 GC heap before
{Heap before GC invocations=13 (full 1):
 PSYoungGen      total 642560K, used 614493K [0x00000006eab00000, 0x0000000721280000, 0x00000007c0000000)
  eden space 592896K, 100% used [0x00000006eab00000,0x000000070ee00000,0x000000070ee00000)
  from space 49664K, 43% used [0x000000070ee00000,0x0000000710317440,0x0000000711e80000)
  to   space 48128K, 0% used [0x000000071e380000,0x000000071e380000,0x0000000721280000)
 ParOldGen       total 181248K, used 102025K [0x0000000540000000, 0x000000054b100000, 0x00000006eab00000)
  object space 181248K, 56% used [0x0000000540000000,0x00000005463a2468,0x000000054b100000)
 Metaspace       used 33710K, capacity 34058K, committed 34560K, reserved 1079296K
  class space    used 4398K, capacity 4496K, committed 4608K, reserved 1048576K
Event: 14.177 GC heap after
Heap after GC invocations=13 (full 1):
 PSYoungGen      total 814592K, used 23681K [0x00000006eab00000, 0x0000000720280000, 0x00000007c0000000)
  eden space 782848K, 0% used [0x00000006eab00000,0x00000006eab00000,0x000000071a780000)
  from space 31744K, 74% used [0x000000071e380000,0x000000071faa0578,0x0000000720280000)
  to   space 46592K, 0% used [0x000000071a780000,0x000000071a780000,0x000000071d500000)
 ParOldGen       total 181248K, used 121229K [0x0000000540000000, 0x000000054b100000, 0x00000006eab00000)
  object space 181248K, 66% used [0x0000000540000000,0x0000000547663648,0x000000054b100000)
 Metaspace       used 33710K, capacity 34058K, committed 34560K, reserved 1079296K
  class space    used 4398K, capacity 4496K, committed 4608K, reserved 1048576K
}
Event: 14.436 GC heap before
{Heap before GC invocations=14 (full 1):
 PSYoungGen      total 814592K, used 101620K [0x00000006eab00000, 0x0000000720280000, 0x00000007c0000000)
  eden space 782848K, 9% used [0x00000006eab00000,0x00000006ef71cad8,0x000000071a780000)
  from space 31744K, 74% used [0x000000071e380000,0x000000071faa0578,0x0000000720280000)
  to   space 46592K, 0% used [0x000000071a780000,0x000000071a780000,0x000000071d500000)
 ParOldGen       total 181248K, used 121229K [0x0000000540000000, 0x000000054b100000, 0x00000006eab00000)
  object space 181248K, 66% used [0x0000000540000000,0x0000000547663648,0x000000054b100000)
 Metaspace       used 34597K, capacity 34922K, committed 35416K, reserved 1079296K
  class space    used 4618K, capacity 4720K, committed 4736K, reserved 1048576K
Event: 14.471 GC heap after
Heap after GC invocations=14 (full 1):
 PSYoungGen      total 829440K, used 3616K [0x00000006eab00000, 0x0000000733b00000, 0x00000007c0000000)
  eden space 782848K, 0% used [0x00000006eab00000,0x00000006eab00000,0x000000071a780000)
  from space 46592K, 7% used [0x000000071a780000,0x000000071ab08000,0x000000071d500000)
  to   space 48640K, 0% used [0x0000000730b80000,0x0000000730b80000,0x0000000733b00000)
 ParOldGen       total 181248K, used 144023K [0x0000000540000000, 0x000000054b100000, 0x00000006eab00000)
  object space 181248K, 79% used [0x0000000540000000,0x0000000548ca5ee8,0x000000054b100000)
 Metaspace       used 34597K, capacity 34922K, committed 35416K, reserved 1079296K
  class space    used 4618K, capacity 4720K, committed 4736K, reserved 1048576K
}
Event: 14.471 GC heap before
{Heap before GC invocations=15 (full 2):
 PSYoungGen      total 829440K, used 3616K [0x00000006eab00000, 0x0000000733b00000, 0x00000007c0000000)
  eden space 782848K, 0% used [0x00000006eab00000,0x00000006eab00000,0x000000071a780000)
  from space 46592K, 7% used [0x000000071a780000,0x000000071ab08000,0x000000071d500000)
  to   space 48640K, 0% used [0x0000000730b80000,0x0000000730b80000,0x0000000733b00000)
 ParOldGen       total 181248K, used 144023K [0x0000000540000000, 0x000000054b100000, 0x00000006eab00000)
  object space 181248K, 79% used [0x0000000540000000,0x0000000548ca5ee8,0x000000054b100000)
 Metaspace       used 34597K, capacity 34922K, committed 35416K, reserved 1079296K
  class space    used 4618K, capacity 4720K, committed 4736K, reserved 1048576K
Event: 14.774 GC heap after
Heap after GC invocations=15 (full 2):
 PSYoungGen      total 829440K, used 0K [0x00000006eab00000, 0x0000000733b00000, 0x00000007c0000000)
  eden space 782848K, 0% used [0x00000006eab00000,0x00000006eab00000,0x000000071a780000)
  from space 46592K, 0% used [0x000000071a780000,0x000000071a780000,0x000000071d500000)
  to   space 48640K, 0% used [0x0000000730b80000,0x0000000730b80000,0x0000000733b00000)
 ParOldGen       total 281088K, used 130300K [0x0000000540000000, 0x0000000551280000, 0x00000006eab00000)
  object space 281088K, 46% used [0x0000000540000000,0x0000000547f3f260,0x0000000551280000)
 Metaspace       used 34597K, capacity 34922K, committed 35416K, reserved 1079296K
  class space    used 4618K, capacity 4720K, committed 4736K, reserved 1048576K
}

