# JRE version: OpenJDK Runtime Environment (8.0_242-b08) (build 1.8.0_242-b08)
# Java VM: OpenJDK 64-Bit Server VM (25.242-b08 mixed mode bsd-amd64 compressed oops)
Heap:
 PSYoungGen      total 819712K, used 341888K [0x00000006eab00000, 0x0000000732000000, 0x00000007c0000000)
  eden space 772608K, 44% used [0x00000006eab00000,0x00000006ff8e0378,0x0000000719d80000)
  from space 47104K, 0% used [0x0000000719d80000,0x0000000719d80000,0x000000071cb80000)
  to   space 48640K, 0% used [0x000000072f080000,0x000000072f080000,0x0000000732000000)
 ParOldGen       total 284160K, used 130990K [0x0000000540000000, 0x0000000551580000, 0x00000006eab00000)
  object space 284160K, 46% used [0x0000000540000000,0x0000000547febbc0,0x0000000551580000)
 Metaspace       used 38706K, capacity 39148K, committed 39680K, reserved 1083392K
  class space    used 5207K, capacity 5361K, committed 5376K, reserved 1048576K
GC Heap History (10 events):
Event: 10.636 GC heap before
{Heap before GC invocations=11 (full 1):
 PSYoungGen      total 533504K, used 505571K [0x00000006eab00000, 0x0000000714c80000, 0x00000007c0000000)
  eden space 478720K, 100% used [0x00000006eab00000,0x0000000707e80000,0x0000000707e80000)
  from space 54784K, 49% used [0x0000000707e80000,0x00000007098b8c10,0x000000070b400000)
  to   space 52224K, 0% used [0x0000000711980000,0x0000000711980000,0x0000000714c80000)
 ParOldGen       total 181760K, used 68121K [0x0000000540000000, 0x000000054b180000, 0x00000006eab00000)
  object space 181760K, 37% used [0x0000000540000000,0x0000000544286418,0x000000054b180000)
 Metaspace       used 25327K, capacity 25664K, committed 25984K, reserved 1073152K
  class space    used 3060K, capacity 3199K, committed 3200K, reserved 1048576K
Event: 10.655 GC heap after
Heap after GC invocations=11 (full 1):
 PSYoungGen      total 638976K, used 20940K [0x00000006eab00000, 0x0000000718580000, 0x00000007c0000000)
  eden space 586752K, 0% used [0x00000006eab00000,0x00000006eab00000,0x000000070e800000)
  from space 52224K, 40% used [0x0000000711980000,0x0000000712df31f8,0x0000000714c80000)
  to   space 50688K, 0% used [0x000000070e800000,0x000000070e800000,0x0000000711980000)
 ParOldGen       total 181760K, used 77600K [0x0000000540000000, 0x000000054b180000, 0x00000006eab00000)
  object space 181760K, 42% used [0x0000000540000000,0x0000000544bc83a0,0x000000054b180000)
 Metaspace       used 25327K, capacity 25664K, committed 25984K, reserved 1073152K
  class space    used 3060K, capacity 3199K, committed 3200K, reserved 1048576K
}
Event: 13.081 GC heap before
{Heap before GC invocations=12 (full 1):
 PSYoungGen      total 638976K, used 607692K [0x00000006eab00000, 0x0000000718580000, 0x00000007c0000000)
  eden space 586752K, 100% used [0x00000006eab00000,0x000000070e800000,0x000000070e800000)
  from space 52224K, 40% used [0x0000000711980000,0x0000000712df31f8,0x0000000714c80000)
  to   space 50688K, 0% used [0x000000070e800000,0x000000070e800000,0x0000000711980000)
 ParOldGen       total 181760K, used 77600K [0x0000000540000000, 0x000000054b180000, 0x00000006eab00000)
  object space 181760K, 42% used [0x0000000540000000,0x0000000544bc83a0,0x000000054b180000)
 Metaspace       used 29913K, capacity 30286K, committed 30720K, reserved 1077248K
  class space    used 3643K, capacity 3756K, committed 3840K, reserved 1048576K
Event: 13.110 GC heap after
Heap after GC invocations=12 (full 1):
 PSYoungGen      total 637440K, used 26532K [0x00000006eab00000, 0x0000000720200000, 0x00000007c0000000)
  eden space 586752K, 0% used [0x00000006eab00000,0x00000006eab00000,0x000000070e800000)
  from space 50688K, 52% used [0x000000070e800000,0x00000007101e9088,0x0000000711980000)
  to   space 48640K, 0% used [0x000000071d280000,0x000000071d280000,0x0000000720200000)
 ParOldGen       total 181760K, used 96633K [0x0000000540000000, 0x000000054b180000, 0x00000006eab00000)
  object space 181760K, 53% used [0x0000000540000000,0x0000000545e5e730,0x000000054b180000)
 Metaspace       used 29913K, capacity 30286K, committed 30720K, reserved 1077248K
  class space    used 3643K, capacity 3756K, committed 3840K, reserved 1048576K
}
Event: 14.879 GC heap before
{Heap before GC invocations=13 (full 1):
 PSYoungGen      total 637440K, used 613284K [0x00000006eab00000, 0x0000000720200000, 0x00000007c0000000)
  eden space 586752K, 100% used [0x00000006eab00000,0x000000070e800000,0x000000070e800000)
  from space 50688K, 52% used [0x000000070e800000,0x00000007101e9088,0x0000000711980000)
  to   space 48640K, 0% used [0x000000071d280000,0x000000071d280000,0x0000000720200000)
 ParOldGen       total 181760K, used 96633K [0x0000000540000000, 0x000000054b180000, 0x00000006eab00000)
  object space 181760K, 53% used [0x0000000540000000,0x0000000545e5e730,0x000000054b180000)
 Metaspace       used 33577K, capacity 33930K, committed 34304K, reserved 1079296K
  class space    used 4378K, capacity 4496K, committed 4608K, reserved 1048576K
Event: 14.914 GC heap after
Heap after GC invocations=13 (full 1):
 PSYoungGen      total 812544K, used 23210K [0x00000006eab00000, 0x000000071f980000, 0x00000007c0000000)
  eden space 772608K, 0% used [0x00000006eab00000,0x00000006eab00000,0x0000000719d80000)
  from space 39936K, 58% used [0x000000071d280000,0x000000071e92a898,0x000000071f980000)
  to   space 47104K, 0% used [0x0000000719d80000,0x0000000719d80000,0x000000071cb80000)
 ParOldGen       total 181760K, used 120132K [0x0000000540000000, 0x000000054b180000, 0x00000006eab00000)
  object space 181760K, 66% used [0x0000000540000000,0x0000000547551268,0x000000054b180000)
 Metaspace       used 33577K, capacity 33930K, committed 34304K, reserved 1079296K
  class space    used 4378K, capacity 4496K, committed 4608K, reserved 1048576K
}
Event: 15.146 GC heap before
{Heap before GC invocations=14 (full 1):
 PSYoungGen      total 812544K, used 130779K [0x00000006eab00000, 0x000000071f980000, 0x00000007c0000000)
  eden space 772608K, 13% used [0x00000006eab00000,0x00000006f140c5f0,0x0000000719d80000)
  from space 39936K, 58% used [0x000000071d280000,0x000000071e92a898,0x000000071f980000)
  to   space 47104K, 0% used [0x0000000719d80000,0x0000000719d80000,0x000000071cb80000)
 ParOldGen       total 181760K, used 120132K [0x0000000540000000, 0x000000054b180000, 0x00000006eab00000)
  object space 181760K, 66% used [0x0000000540000000,0x0000000547551268,0x000000054b180000)
 Metaspace       used 34751K, capacity 35050K, committed 35416K, reserved 1079296K
  class space    used 4667K, capacity 4784K, committed 4864K, reserved 1048576K
Event: 15.168 GC heap after
Heap after GC invocations=14 (full 1):
 PSYoungGen      total 819712K, used 4829K [0x00000006eab00000, 0x0000000732000000, 0x00000007c0000000)
  eden space 772608K, 0% used [0x00000006eab00000,0x00000006eab00000,0x0000000719d80000)
  from space 47104K, 10% used [0x0000000719d80000,0x000000071a237638,0x000000071cb80000)
  to   space 48640K, 0% used [0x000000072f080000,0x000000072f080000,0x0000000732000000)
 ParOldGen       total 181760K, used 142447K [0x0000000540000000, 0x000000054b180000, 0x00000006eab00000)
  object space 181760K, 78% used [0x0000000540000000,0x0000000548b1bf90,0x000000054b180000)
 Metaspace       used 34751K, capacity 35050K, committed 35416K, reserved 1079296K
  class space    used 4667K, capacity 4784K, committed 4864K, reserved 1048576K
}
Event: 15.168 GC heap before
{Heap before GC invocations=15 (full 2):
 PSYoungGen      total 819712K, used 4829K [0x00000006eab00000, 0x0000000732000000, 0x00000007c0000000)
  eden space 772608K, 0% used [0x00000006eab00000,0x00000006eab00000,0x0000000719d80000)
  from space 47104K, 10% used [0x0000000719d80000,0x000000071a237638,0x000000071cb80000)
  to   space 48640K, 0% used [0x000000072f080000,0x000000072f080000,0x0000000732000000)
 ParOldGen       total 181760K, used 142447K [0x0000000540000000, 0x000000054b180000, 0x00000006eab00000)
  object space 181760K, 78% used [0x0000000540000000,0x0000000548b1bf90,0x000000054b180000)
 Metaspace       used 34751K, capacity 35050K, committed 35416K, reserved 1079296K
  class space    used 4667K, capacity 4784K, committed 4864K, reserved 1048576K
Event: 15.428 GC heap after
Heap after GC invocations=15 (full 2):
 PSYoungGen      total 819712K, used 0K [0x00000006eab00000, 0x0000000732000000, 0x00000007c0000000)
  eden space 772608K, 0% used [0x00000006eab00000,0x00000006eab00000,0x0000000719d80000)
  from space 47104K, 0% used [0x0000000719d80000,0x0000000719d80000,0x000000071cb80000)
  to   space 48640K, 0% used [0x000000072f080000,0x000000072f080000,0x0000000732000000)
 ParOldGen       total 284160K, used 130990K [0x0000000540000000, 0x0000000551580000, 0x00000006eab00000)
  object space 284160K, 46% used [0x0000000540000000,0x0000000547febbc0,0x0000000551580000)
 Metaspace       used 34751K, capacity 35050K, committed 35416K, reserved 1079296K
  class space    used 4667K, capacity 4784K, committed 4864K, reserved 1048576K
}

